<?xml version="1.0" encoding="utf-8"?>
<LinearLayout xmlns:android="http://schemas.android.com/apk/res/android"
    android:layout_width="match_parent"
    android:layout_height="wrap_content"
    android:orientation="vertical"
    style="@style/TestResult">

    <LinearLayout
        android:layout_width="match_parent"
        android:layout_height="wrap_content"
        android:orientation="horizontal">

        <TextView
            android:layout_gravity="center_horizontal|top"
            android:layout_weight="0.5"
            android:id="@+id/lesson_name"
            android:layout_width="0dp"
            android:layout_height="wrap_content"
            android:gravity="center"
            android:textSize="@dimen/test_results_lesson_text_size" />

        <LinearLayout
            android:layout_gravity="center_horizontal|top"
            android:layout_weight="0.5"
            android:layout_width="0dp"
            android:layout_height="wrap_content"
            android:orientation="vertical">

            <TextView
                android:layout_width="match_parent"
                android:layout_height="wrap_content"
                android:text="@string/rating_ball"
                android:gravity="center"
                android:textSize="@dimen/test_results_lesson_text_size" />

            <TextView
                android:id="@+id/rating_ball"
                android:layout_width="match_parent"
                android:layout_height="wrap_content"
                android:gravity="center"
                style="@style/RecordBall" />
        </LinearLayout>

    </LinearLayout>

    <TextView
        android:id="@+id/date_and_time"
        android:layout_width="match_parent"
        android:layout_height="wrap_content"
        android:gravity="center"
        style="@style/TestProperties" />

</LinearLayout>